build/app/intermediates/manifest_merge_blame_file/debug/manifest-merger-blame-debug-report.txt
1<?xml version="1.0" encoding="utf-8"?>
2<manifest xmlns:android="http://schemas.android.com/apk/res/android"
3    package="com.example.flutter_application_1"
4    android:versionCode="1"
5    android:versionName="1.0.0" >
6
7    <uses-sdk
8        android:minSdkVersion="21"
9        android:targetSdkVersion="31" />
10    <!--
11         The INTERNET permission is required for development. Specifically,
12         the Flutter tool needs it to communicate with the running application
13         to allow setting breakpoints, to provide hot reload, etc.
14    -->
15    <uses-permission android:name="android.permission.INTERNET" />
15-->src/debug/AndroidManifest.xml:7:5-66
15-->src/debug/AndroidManifest.xml:7:22-64
16    <uses-permission android:name="android.permission.ACCESS_FINE_LOCATION" />
16-->src/main/AndroidManifest.xml:3:5-78
16-->src/main/AndroidManifest.xml:3:22-76
17    <uses-permission android:name="android.permission.ACCESS_COARSE_LOCATION" />
17-->src/main/AndroidManifest.xml:4:5-80
17-->src/main/AndroidManifest.xml:4:22-78
18    <uses-permission android:name="android.permission.ACCESS_FINE_LOCATION" />
18-->src/main/AndroidManifest.xml:3:5-78
18-->src/main/AndroidManifest.xml:3:22-76
19    <uses-permission android:name="android.permission.FOREGROUND_SERVICE" />
19-->[:geolocator_android] AndroidManifest.xml:9:5-77
19-->[:geolocator_android] AndroidManifest.xml:9:22-74
20    <uses-permission android:name="android.permission.READ_EXTERNAL_STORAGE" />
20-->[:file_picker] AndroidManifest.xml:9:5-80
20-->[:file_picker] AndroidManifest.xml:9:22-77
21
22    <queries>
22-->[:file_picker] AndroidManifest.xml:11:5-17:15
23        <intent>
23-->[:file_picker] AndroidManifest.xml:12:9-16:18
24            <action android:name="android.intent.action.GET_CONTENT" />
24-->[:file_picker] AndroidManifest.xml:13:13-72
24-->[:file_picker] AndroidManifest.xml:13:21-69
25
26            <data android:mimeType="*/*" />
26-->[:file_picker] AndroidManifest.xml:15:13-44
26-->[:file_picker] AndroidManifest.xml:15:19-41
27        </intent>
28        <intent>
28-->[:flutter_inappwebview] AndroidManifest.xml:10:9-12:18
29            <action android:name="android.support.customtabs.action.CustomTabsService" />
29-->[:flutter_inappwebview] AndroidManifest.xml:11:13-90
29-->[:flutter_inappwebview] AndroidManifest.xml:11:21-87
30        </intent>
31    </queries>
32
33    <uses-feature
33-->[com.naver.maps:map-sdk:3.16.2] AndroidManifest.xml:9:5-11:35
34        android:glEsVersion="0x00020000"
34-->[com.naver.maps:map-sdk:3.16.2] AndroidManifest.xml:10:9-41
35        android:required="true" />
35-->[com.naver.maps:map-sdk:3.16.2] AndroidManifest.xml:11:9-32
36    <uses-feature
36-->[com.naver.maps:map-sdk:3.16.2] AndroidManifest.xml:12:5-14:36
37        android:name="android.hardware.wifi"
37-->[com.naver.maps:map-sdk:3.16.2] AndroidManifest.xml:13:9-45
38        android:required="false" />
38-->[com.naver.maps:map-sdk:3.16.2] AndroidManifest.xml:14:9-33
39
40    <uses-permission android:name="android.permission.ACCESS_NETWORK_STATE" />
40-->[com.naver.maps:map-sdk:3.16.2] AndroidManifest.xml:17:5-79
40-->[com.naver.maps:map-sdk:3.16.2] AndroidManifest.xml:17:22-76
41    <uses-permission android:name="android.permission.ACCESS_WIFI_STATE" />
41-->[com.naver.maps:map-sdk:3.16.2] AndroidManifest.xml:18:5-76
41-->[com.naver.maps:map-sdk:3.16.2] AndroidManifest.xml:18:22-73
42
43    <permission
43-->[androidx.core:core:1.9.0] AndroidManifest.xml:22:5-24:47
44        android:name="com.example.flutter_application_1.DYNAMIC_RECEIVER_NOT_EXPORTED_PERMISSION"
44-->[androidx.core:core:1.9.0] AndroidManifest.xml:23:9-81
45        android:protectionLevel="signature" />
45-->[androidx.core:core:1.9.0] AndroidManifest.xml:24:9-44
46
47    <uses-permission android:name="com.example.flutter_application_1.DYNAMIC_RECEIVER_NOT_EXPORTED_PERMISSION" />
47-->[androidx.core:core:1.9.0] AndroidManifest.xml:26:5-97
47-->[androidx.core:core:1.9.0] AndroidManifest.xml:26:22-94
48    <!--
49 <uses-permission android:name="android.permission.INTERNET"></uses-permission>
50    <uses-permission android:name="android.permission.ACCESS_FINE_LOCATION"></uses-permission>
51    -->
52    <application
53        android:name="android.app.Application"
54        android:appComponentFactory="androidx.core.app.CoreComponentFactory"
54-->[androidx.core:core:1.9.0] AndroidManifest.xml:28:18-86
55        android:debuggable="true"
56        android:icon="@mipmap/ic_launcher"
57        android:label="flutter_application_1" >
58        <activity
59            android:name="com.example.flutter_application_1.MainActivity"
60            android:configChanges="orientation|keyboardHidden|keyboard|screenSize|smallestScreenSize|locale|layoutDirection|fontScale|screenLayout|density|uiMode"
61            android:exported="true"
62            android:hardwareAccelerated="true"
63            android:launchMode="singleTop"
64            android:theme="@style/LaunchTheme"
65            android:windowSoftInputMode="adjustResize" >
66
67            <!--
68                 Specifies an Android theme to apply to this Activity as soon as
69                 the Android process has started. This theme is visible to the user
70                 while the Flutter UI initializes. After that, this theme continues
71                 to determine the Window background behind the Flutter UI.
72            -->
73            <meta-data
74                android:name="io.flutter.embedding.android.NormalTheme"
75                android:resource="@style/NormalTheme" />
76
77            <intent-filter>
78                <action android:name="android.intent.action.MAIN" />
79
80                <category android:name="android.intent.category.LAUNCHER" />
81            </intent-filter>
82        </activity>
83        <!--
84             Don't delete the meta-data below.
85             This is used by the Flutter tool to generate GeneratedPluginRegistrant.java 
86             android:name="com.kakao.sdk.AppKey"
87            android:value="${cd38bc79a8500d9fbe13e81b34343c47}"
88        -->
89        <meta-data
90            android:name="flutterEmbedding"
91            android:value="2" />
92        <meta-data
93            android:name="com.naver.maps.map.CLIENT_ID"
94            android:value="v2v7x0th03" />
95
96        <service
96-->[:geolocator_android] AndroidManifest.xml:12:9-16:56
97            android:name="com.baseflow.geolocator.GeolocatorLocationService"
97-->[:geolocator_android] AndroidManifest.xml:13:13-77
98            android:enabled="true"
98-->[:geolocator_android] AndroidManifest.xml:14:13-35
99            android:exported="false"
99-->[:geolocator_android] AndroidManifest.xml:15:13-37
100            android:foregroundServiceType="location" />
100-->[:geolocator_android] AndroidManifest.xml:16:13-53
101
102        <provider
102-->[:image_picker_android] AndroidManifest.xml:10:9-18:20
103            android:name="io.flutter.plugins.imagepicker.ImagePickerFileProvider"
103-->[:image_picker_android] AndroidManifest.xml:11:13-82
104            android:authorities="com.example.flutter_application_1.flutter.image_provider"
104-->[:image_picker_android] AndroidManifest.xml:12:13-74
105            android:exported="false"
105-->[:image_picker_android] AndroidManifest.xml:13:13-37
106            android:grantUriPermissions="true" >
106-->[:image_picker_android] AndroidManifest.xml:14:13-47
107            <meta-data
107-->[:image_picker_android] AndroidManifest.xml:15:13-17:75
108                android:name="android.support.FILE_PROVIDER_PATHS"
108-->[:image_picker_android] AndroidManifest.xml:16:17-67
109                android:resource="@xml/flutter_image_picker_file_paths" />
109-->[:image_picker_android] AndroidManifest.xml:17:17-72
110        </provider>
111
112        <activity
112-->[:flutter_inappwebview] AndroidManifest.xml:16:9-20:47
113            android:name="com.pichillilorenzo.flutter_inappwebview.in_app_browser.InAppBrowserActivity"
113-->[:flutter_inappwebview] AndroidManifest.xml:17:13-104
114            android:configChanges="orientation|keyboardHidden|keyboard|screenSize|locale|layoutDirection|fontScale|screenLayout|density"
114-->[:flutter_inappwebview] AndroidManifest.xml:18:13-137
115            android:exported="false"
115-->[:flutter_inappwebview] AndroidManifest.xml:19:13-37
116            android:theme="@style/AppTheme" />
116-->[:flutter_inappwebview] AndroidManifest.xml:20:13-44
117        <activity
117-->[:flutter_inappwebview] AndroidManifest.xml:21:9-24:55
118            android:name="com.pichillilorenzo.flutter_inappwebview.chrome_custom_tabs.ChromeCustomTabsActivity"
118-->[:flutter_inappwebview] AndroidManifest.xml:22:13-112
119            android:exported="false"
119-->[:flutter_inappwebview] AndroidManifest.xml:23:13-37
120            android:theme="@style/ThemeTransparent" />
120-->[:flutter_inappwebview] AndroidManifest.xml:24:13-52
121        <activity
121-->[:flutter_inappwebview] AndroidManifest.xml:25:9-28:55
122            android:name="com.pichillilorenzo.flutter_inappwebview.chrome_custom_tabs.TrustedWebActivity"
122-->[:flutter_inappwebview] AndroidManifest.xml:26:13-106
123            android:exported="false"
123-->[:flutter_inappwebview] AndroidManifest.xml:27:13-37
124            android:theme="@style/ThemeTransparent" />
124-->[:flutter_inappwebview] AndroidManifest.xml:28:13-52
125        <activity
125-->[:flutter_inappwebview] AndroidManifest.xml:29:9-33:55
126            android:name="com.pichillilorenzo.flutter_inappwebview.chrome_custom_tabs.ChromeCustomTabsActivitySingleInstance"
126-->[:flutter_inappwebview] AndroidManifest.xml:30:13-126
127            android:exported="false"
127-->[:flutter_inappwebview] AndroidManifest.xml:31:13-37
128            android:launchMode="singleInstance"
128-->[:flutter_inappwebview] AndroidManifest.xml:32:13-48
129            android:theme="@style/ThemeTransparent" />
129-->[:flutter_inappwebview] AndroidManifest.xml:33:13-52
130        <activity
130-->[:flutter_inappwebview] AndroidManifest.xml:34:9-38:55
131            android:name="com.pichillilorenzo.flutter_inappwebview.chrome_custom_tabs.TrustedWebActivitySingleInstance"
131-->[:flutter_inappwebview] AndroidManifest.xml:35:13-120
132            android:exported="false"
132-->[:flutter_inappwebview] AndroidManifest.xml:36:13-37
133            android:launchMode="singleInstance"
133-->[:flutter_inappwebview] AndroidManifest.xml:37:13-48
134            android:theme="@style/ThemeTransparent" />
134-->[:flutter_inappwebview] AndroidManifest.xml:38:13-52
135
136        <receiver
136-->[:flutter_inappwebview] AndroidManifest.xml:40:9-43:40
137            android:name="com.pichillilorenzo.flutter_inappwebview.chrome_custom_tabs.ActionBroadcastReceiver"
137-->[:flutter_inappwebview] AndroidManifest.xml:41:13-111
138            android:enabled="true"
138-->[:flutter_inappwebview] AndroidManifest.xml:42:13-35
139            android:exported="false" />
139-->[:flutter_inappwebview] AndroidManifest.xml:43:13-37
140
141        <meta-data
141-->[:flutter_inappwebview] AndroidManifest.xml:45:9-47:36
142            android:name="io.flutter.embedded_views_preview"
142-->[:flutter_inappwebview] AndroidManifest.xml:46:13-61
143            android:value="true" />
143-->[:flutter_inappwebview] AndroidManifest.xml:47:13-33
144
145        <service
145-->[:location] AndroidManifest.xml:13:9-17:56
146            android:name="com.lyokone.location.FlutterLocationService"
146-->[:location] AndroidManifest.xml:14:13-71
147            android:enabled="true"
147-->[:location] AndroidManifest.xml:15:13-35
148            android:exported="false"
148-->[:location] AndroidManifest.xml:16:13-37
149            android:foregroundServiceType="location" />
149-->[:location] AndroidManifest.xml:17:13-53
150
151        <activity
151-->[com.naver.maps:map-sdk:3.16.2] AndroidManifest.xml:21:9-25:51
152            android:name="com.naver.maps.map.app.LegendActivity"
152-->[com.naver.maps:map-sdk:3.16.2] AndroidManifest.xml:22:13-65
153            android:configChanges="screenSize|smallestScreenSize|screenLayout|orientation"
153-->[com.naver.maps:map-sdk:3.16.2] AndroidManifest.xml:23:13-91
154            android:label="@string/navermap_legend"
154-->[com.naver.maps:map-sdk:3.16.2] AndroidManifest.xml:24:13-52
155            android:theme="@style/navermap_app" />
155-->[com.naver.maps:map-sdk:3.16.2] AndroidManifest.xml:25:13-48
156        <activity
156-->[com.naver.maps:map-sdk:3.16.2] AndroidManifest.xml:26:9-30:51
157            android:name="com.naver.maps.map.app.LegalNoticeActivity"
157-->[com.naver.maps:map-sdk:3.16.2] AndroidManifest.xml:27:13-70
158            android:configChanges="screenSize|smallestScreenSize|screenLayout|orientation"
158-->[com.naver.maps:map-sdk:3.16.2] AndroidManifest.xml:28:13-91
159            android:label="@string/navermap_legal_notice"
159-->[com.naver.maps:map-sdk:3.16.2] AndroidManifest.xml:29:13-58
160            android:theme="@style/navermap_app" />
160-->[com.naver.maps:map-sdk:3.16.2] AndroidManifest.xml:30:13-48
161        <activity
161-->[com.naver.maps:map-sdk:3.16.2] AndroidManifest.xml:31:9-35:51
162            android:name="com.naver.maps.map.app.OpenSourceLicenseActivity"
162-->[com.naver.maps:map-sdk:3.16.2] AndroidManifest.xml:32:13-76
163            android:configChanges="screenSize|smallestScreenSize|screenLayout|orientation"
163-->[com.naver.maps:map-sdk:3.16.2] AndroidManifest.xml:33:13-91
164            android:label="@string/navermap_open_source_license"
164-->[com.naver.maps:map-sdk:3.16.2] AndroidManifest.xml:34:13-65
165            android:theme="@style/navermap_app" />
165-->[com.naver.maps:map-sdk:3.16.2] AndroidManifest.xml:35:13-48
166        <activity
166-->[com.google.android.gms:play-services-base:18.1.0] AndroidManifest.xml:20:9-22:45
167            android:name="com.google.android.gms.common.api.GoogleApiActivity"
167-->[com.google.android.gms:play-services-base:18.1.0] AndroidManifest.xml:20:19-85
168            android:exported="false"
168-->[com.google.android.gms:play-services-base:18.1.0] AndroidManifest.xml:22:19-43
169            android:theme="@android:style/Theme.Translucent.NoTitleBar" />
169-->[com.google.android.gms:play-services-base:18.1.0] AndroidManifest.xml:21:19-78
170
171        <meta-data
171-->[com.google.android.gms:play-services-basement:18.1.0] AndroidManifest.xml:21:9-23:69
172            android:name="com.google.android.gms.version"
172-->[com.google.android.gms:play-services-basement:18.1.0] AndroidManifest.xml:22:13-58
173            android:value="@integer/google_play_services_version" />
173-->[com.google.android.gms:play-services-basement:18.1.0] AndroidManifest.xml:23:13-66
174
175        <uses-library
175-->[androidx.window:window:1.0.0-beta04] AndroidManifest.xml:25:9-27:40
176            android:name="androidx.window.extensions"
176-->[androidx.window:window:1.0.0-beta04] AndroidManifest.xml:26:13-54
177            android:required="false" />
177-->[androidx.window:window:1.0.0-beta04] AndroidManifest.xml:27:13-37
178        <uses-library
178-->[androidx.window:window:1.0.0-beta04] AndroidManifest.xml:28:9-30:40
179            android:name="androidx.window.sidecar"
179-->[androidx.window:window:1.0.0-beta04] AndroidManifest.xml:29:13-51
180            android:required="false" />
180-->[androidx.window:window:1.0.0-beta04] AndroidManifest.xml:30:13-37
181
182        <provider
182-->[androidx.emoji2:emoji2:1.2.0] AndroidManifest.xml:24:9-32:20
183            android:name="androidx.startup.InitializationProvider"
183-->[androidx.emoji2:emoji2:1.2.0] AndroidManifest.xml:25:13-67
184            android:authorities="com.example.flutter_application_1.androidx-startup"
184-->[androidx.emoji2:emoji2:1.2.0] AndroidManifest.xml:26:13-68
185            android:exported="false" >
185-->[androidx.emoji2:emoji2:1.2.0] AndroidManifest.xml:27:13-37
186            <meta-data
186-->[androidx.emoji2:emoji2:1.2.0] AndroidManifest.xml:29:13-31:52
187                android:name="androidx.emoji2.text.EmojiCompatInitializer"
187-->[androidx.emoji2:emoji2:1.2.0] AndroidManifest.xml:30:17-75
188                android:value="androidx.startup" />
188-->[androidx.emoji2:emoji2:1.2.0] AndroidManifest.xml:31:17-49
189            <meta-data
189-->[androidx.lifecycle:lifecycle-process:2.4.1] AndroidManifest.xml:31:13-33:52
190                android:name="androidx.lifecycle.ProcessLifecycleInitializer"
190-->[androidx.lifecycle:lifecycle-process:2.4.1] AndroidManifest.xml:32:17-78
191                android:value="androidx.startup" />
191-->[androidx.lifecycle:lifecycle-process:2.4.1] AndroidManifest.xml:33:17-49
192        </provider>
193    </application>
194
195</manifest>